<?xml version="1.0" encoding="UTF-8"?>
<!-- Generated by org.testng.reporters.JUnitXMLReporter -->
<testsuite ignored="0" hostname="DESKTOP-GOUK9VK" failures="0" tests="1" name="Test-Runner2" time="113.009" errors="0" timestamp="2023-10-13T19:25:56 IST">
  <testcase classname="organizationTest.CreateOrganization" name="CreateOrganizationTest" time="34.887"/>
</testsuite> <!-- Test-Runner2 -->
