<?xml version="1.0" encoding="UTF-8"?>
<!-- Generated by org.testng.reporters.JUnitReportReporter -->
<testsuite hostname="DESKTOP-GOUK9VK" failures="0" tests="1" name="practice.ReadDataFromCmd" time="0.016" errors="0" timestamp="2023-10-25T20:14:05 IST" skipped="0">
  <testcase classname="practice.ReadDataFromCmd" name="read" time="0.016"/>
</testsuite> <!-- practice.ReadDataFromCmd -->
