<?xml version="1.0" encoding="UTF-8"?>
<!-- Generated by org.testng.reporters.JUnitReportReporter -->
<testsuite hostname="DESKTOP-GOUK9VK" failures="0" tests="6" name="practice.TestNGpractice" time="0.023" errors="0" timestamp="2023-10-03T20:55:48 IST" skipped="0">
  <testcase classname="practice.TestNGpractice" name="modifyCustomer" time="0.013"/>
  <testcase classname="practice.TestNGpractice" name="modifyCustomer" time="0.002"/>
  <testcase classname="practice.TestNGpractice" name="deleteCustomer" time="0.001"/>
  <testcase classname="practice.TestNGpractice" name="CreateCustomer" time="0.002"/>
  <testcase classname="practice.TestNGpractice" name="CreateCustomer" time="0.001"/>
  <testcase classname="practice.TestNGpractice" name="CreateCustomer" time="0.004"/>
</testsuite> <!-- practice.TestNGpractice -->
