<?xml version="1.0" encoding="UTF-8"?>
<!-- Generated by org.testng.reporters.JUnitReportReporter -->
<testsuite hostname="DESKTOP-GOUK9VK" failures="0" tests="3" name="practice.DataProviderPractice" time="0.030" errors="0" timestamp="2023-10-06T20:08:59 IST" skipped="0">
  <testcase classname="practice.DataProviderPractice" name="addProductToCart" time="0.002"/>
  <testcase classname="practice.DataProviderPractice" name="addProductToCart" time="0.026"/>
  <testcase classname="practice.DataProviderPractice" name="addProductToCart" time="0.002"/>
</testsuite> <!-- practice.DataProviderPractice -->
